<?xml version="1.0" encoding="UTF-8"?>
<testng-results ignored="0" total="12" passed="12" failed="0" skipped="0">
  <reporter-output>
  </reporter-output>
  <suite started-at="2026-06-12T11:41:43 IST" name="GUI Suite" finished-at="2026-06-12T11:43:47 IST" duration-ms="124437">
    <groups>
    </groups>
    <test started-at="2026-06-12T11:41:43 IST" name="GUI Tests" finished-at="2026-06-12T11:43:47 IST" duration-ms="124437">
      <class name="tests.HomePageTestCases">
        <test-method is-config="true" signature="setup()[pri:0, instance:tests.HomePageTestCases@7fcbe147]" started-at="2026-06-12T11:41:43 IST" name="setup" finished-at="2026-06-12T11:42:05 IST" duration-ms="22239" status="PASS">
          <reporter-output>
          </reporter-output>
        </test-method> <!-- setup -->
        <test-method signature="TC01_GUIElementsTest()[pri:1, instance:tests.HomePageTestCases@7fcbe147]" started-at="2026-06-12T11:42:05 IST" name="TC01_GUIElementsTest" finished-at="2026-06-12T11:42:30 IST" duration-ms="24781" status="PASS">
          <reporter-output>
          </reporter-output>
        </test-method> <!-- TC01_GUIElementsTest -->
        <test-method signature="TC02_DatePickerTest()[pri:2, instance:tests.HomePageTestCases@7fcbe147]" started-at="2026-06-12T11:42:30 IST" name="TC02_DatePickerTest" finished-at="2026-06-12T11:42:38 IST" duration-ms="7959" status="PASS">
          <reporter-output>
          </reporter-output>
        </test-method> <!-- TC02_DatePickerTest -->
        <test-method signature="TC03_FileUploadTest()[pri:3, instance:tests.HomePageTestCases@7fcbe147]" started-at="2026-06-12T11:42:38 IST" name="TC03_FileUploadTest" finished-at="2026-06-12T11:42:43 IST" duration-ms="4775" status="PASS">
          <reporter-output>
          </reporter-output>
        </test-method> <!-- TC03_FileUploadTest -->
        <test-method signature="TC04_PaginationTable()[pri:4, instance:tests.HomePageTestCases@7fcbe147]" started-at="2026-06-12T11:42:43 IST" name="TC04_PaginationTable" finished-at="2026-06-12T11:42:48 IST" duration-ms="5157" status="PASS">
          <reporter-output>
          </reporter-output>
        </test-method> <!-- TC04_PaginationTable -->
        <test-method signature="TC05_WikipediaSearchTabs()[pri:5, instance:tests.HomePageTestCases@7fcbe147]" started-at="2026-06-12T11:42:48 IST" name="TC05_WikipediaSearchTabs" finished-at="2026-06-12T11:42:55 IST" duration-ms="7173" status="PASS">
          <reporter-output>
          </reporter-output>
        </test-method> <!-- TC05_WikipediaSearchTabs -->
        <test-method signature="TC06_Alerts()[pri:6, instance:tests.HomePageTestCases@7fcbe147]" started-at="2026-06-12T11:42:55 IST" name="TC06_Alerts" finished-at="2026-06-12T11:43:02 IST" duration-ms="7223" status="PASS">
          <reporter-output>
          </reporter-output>
        </test-method> <!-- TC06_Alerts -->
        <test-method signature="TC07_NewTabOpenClose()[pri:7, instance:tests.HomePageTestCases@7fcbe147]" started-at="2026-06-12T11:43:02 IST" name="TC07_NewTabOpenClose" finished-at="2026-06-12T11:43:11 IST" duration-ms="8480" status="PASS">
          <reporter-output>
          </reporter-output>
        </test-method> <!-- TC07_NewTabOpenClose -->
        <test-method signature="TC08_PopUpWindows()[pri:8, instance:tests.HomePageTestCases@7fcbe147]" started-at="2026-06-12T11:43:11 IST" name="TC08_PopUpWindows" finished-at="2026-06-12T11:43:15 IST" duration-ms="4197" status="PASS">
          <reporter-output>
          </reporter-output>
        </test-method> <!-- TC08_PopUpWindows -->
        <test-method signature="TC09_MouseHover()[pri:9, instance:tests.HomePageTestCases@7fcbe147]" started-at="2026-06-12T11:43:15 IST" name="TC09_MouseHover" finished-at="2026-06-12T11:43:18 IST" duration-ms="2479" status="PASS">
          <reporter-output>
          </reporter-output>
        </test-method> <!-- TC09_MouseHover -->
        <test-method signature="TC10_DoubleClick()[pri:10, instance:tests.HomePageTestCases@7fcbe147]" started-at="2026-06-12T11:43:18 IST" name="TC10_DoubleClick" finished-at="2026-06-12T11:43:20 IST" duration-ms="2326" status="PASS">
          <reporter-output>
          </reporter-output>
        </test-method> <!-- TC10_DoubleClick -->
        <test-method signature="TC11_DragAndDrop()[pri:11, instance:tests.HomePageTestCases@7fcbe147]" started-at="2026-06-12T11:43:20 IST" name="TC11_DragAndDrop" finished-at="2026-06-12T11:43:22 IST" duration-ms="2429" status="PASS">
          <reporter-output>
          </reporter-output>
        </test-method> <!-- TC11_DragAndDrop -->
        <test-method signature="TC12_SliderDropdownAndLinks()[pri:12, instance:tests.HomePageTestCases@7fcbe147]" started-at="2026-06-12T11:43:22 IST" name="TC12_SliderDropdownAndLinks" finished-at="2026-06-12T11:43:46 IST" duration-ms="23250" status="PASS">
          <reporter-output>
          </reporter-output>
        </test-method> <!-- TC12_SliderDropdownAndLinks -->
        <test-method is-config="true" signature="tearDown()[pri:0, instance:tests.HomePageTestCases@7fcbe147]" started-at="2026-06-12T11:43:46 IST" name="tearDown" finished-at="2026-06-12T11:43:47 IST" duration-ms="1552" status="PASS">
          <reporter-output>
          </reporter-output>
        </test-method> <!-- tearDown -->
      </class> <!-- tests.HomePageTestCases -->
    </test> <!-- GUI Tests -->
  </suite> <!-- GUI Suite -->
</testng-results>
