<?xml version="1.0" encoding="UTF-8"?>
<testng-results ignored="0" total="12" passed="12" failed="0" skipped="0">
  <reporter-output>
  </reporter-output>
  <suite started-at="2026-06-13T09:13:08 IST" name="GUI Suite" finished-at="2026-06-13T09:15:04 IST" duration-ms="115769">
    <groups>
    </groups>
    <test started-at="2026-06-13T09:13:08 IST" name="GUI Tests" finished-at="2026-06-13T09:15:04 IST" duration-ms="115769">
      <class name="tests.HomePageTest">
        <test-method is-config="true" signature="setup()[pri:0, instance:tests.HomePageTest@2a1edad4]" started-at="2026-06-13T09:13:08 IST" name="setup" finished-at="2026-06-13T09:13:25 IST" duration-ms="17238" status="PASS">
          <reporter-output>
          </reporter-output>
        </test-method> <!-- setup -->
        <test-method signature="TC01_GUIElementsTest()[pri:1, instance:tests.HomePageTest@2a1edad4]" started-at="2026-06-13T09:13:25 IST" name="TC01_GUIElementsTest" finished-at="2026-06-13T09:13:47 IST" duration-ms="21155" status="PASS">
          <reporter-output>
          </reporter-output>
        </test-method> <!-- TC01_GUIElementsTest -->
        <test-method signature="TC02_DatePickerTest()[pri:2, instance:tests.HomePageTest@2a1edad4]" started-at="2026-06-13T09:13:47 IST" name="TC02_DatePickerTest" finished-at="2026-06-13T09:13:55 IST" duration-ms="7982" status="PASS">
          <reporter-output>
          </reporter-output>
        </test-method> <!-- TC02_DatePickerTest -->
        <test-method signature="TC03_FileUploadTest()[pri:3, instance:tests.HomePageTest@2a1edad4]" started-at="2026-06-13T09:13:55 IST" name="TC03_FileUploadTest" finished-at="2026-06-13T09:14:00 IST" duration-ms="5606" status="PASS">
          <reporter-output>
          </reporter-output>
        </test-method> <!-- TC03_FileUploadTest -->
        <test-method signature="TC04_PaginationTable()[pri:4, instance:tests.HomePageTest@2a1edad4]" started-at="2026-06-13T09:14:00 IST" name="TC04_PaginationTable" finished-at="2026-06-13T09:14:05 IST" duration-ms="5125" status="PASS">
          <reporter-output>
          </reporter-output>
        </test-method> <!-- TC04_PaginationTable -->
        <test-method signature="TC05_WikipediaSearchTabs()[pri:5, instance:tests.HomePageTest@2a1edad4]" started-at="2026-06-13T09:14:05 IST" name="TC05_WikipediaSearchTabs" finished-at="2026-06-13T09:14:16 IST" duration-ms="10431" status="PASS">
          <reporter-output>
          </reporter-output>
        </test-method> <!-- TC05_WikipediaSearchTabs -->
        <test-method signature="TC06_Alerts()[pri:6, instance:tests.HomePageTest@2a1edad4]" started-at="2026-06-13T09:14:16 IST" name="TC06_Alerts" finished-at="2026-06-13T09:14:23 IST" duration-ms="6773" status="PASS">
          <reporter-output>
          </reporter-output>
        </test-method> <!-- TC06_Alerts -->
        <test-method signature="TC07_NewTabOpenClose()[pri:7, instance:tests.HomePageTest@2a1edad4]" started-at="2026-06-13T09:14:23 IST" name="TC07_NewTabOpenClose" finished-at="2026-06-13T09:14:31 IST" duration-ms="8450" status="PASS">
          <reporter-output>
          </reporter-output>
        </test-method> <!-- TC07_NewTabOpenClose -->
        <test-method signature="TC08_PopUpWindows()[pri:8, instance:tests.HomePageTest@2a1edad4]" started-at="2026-06-13T09:14:31 IST" name="TC08_PopUpWindows" finished-at="2026-06-13T09:14:34 IST" duration-ms="3344" status="PASS">
          <reporter-output>
          </reporter-output>
        </test-method> <!-- TC08_PopUpWindows -->
        <test-method signature="TC09_MouseHover()[pri:9, instance:tests.HomePageTest@2a1edad4]" started-at="2026-06-13T09:14:35 IST" name="TC09_MouseHover" finished-at="2026-06-13T09:14:37 IST" duration-ms="2403" status="PASS">
          <reporter-output>
          </reporter-output>
        </test-method> <!-- TC09_MouseHover -->
        <test-method signature="TC10_DoubleClick()[pri:10, instance:tests.HomePageTest@2a1edad4]" started-at="2026-06-13T09:14:37 IST" name="TC10_DoubleClick" finished-at="2026-06-13T09:14:40 IST" duration-ms="2721" status="PASS">
          <reporter-output>
          </reporter-output>
        </test-method> <!-- TC10_DoubleClick -->
        <test-method signature="TC11_DragAndDrop()[pri:11, instance:tests.HomePageTest@2a1edad4]" started-at="2026-06-13T09:14:40 IST" name="TC11_DragAndDrop" finished-at="2026-06-13T09:14:42 IST" duration-ms="2347" status="PASS">
          <reporter-output>
          </reporter-output>
        </test-method> <!-- TC11_DragAndDrop -->
        <test-method signature="TC12_SliderDropdownAndLinks()[pri:12, instance:tests.HomePageTest@2a1edad4]" started-at="2026-06-13T09:14:42 IST" name="TC12_SliderDropdownAndLinks" finished-at="2026-06-13T09:15:03 IST" duration-ms="20747" status="PASS">
          <reporter-output>
          </reporter-output>
        </test-method> <!-- TC12_SliderDropdownAndLinks -->
        <test-method is-config="true" signature="tearDown()[pri:0, instance:tests.HomePageTest@2a1edad4]" started-at="2026-06-13T09:15:03 IST" name="tearDown" finished-at="2026-06-13T09:15:04 IST" duration-ms="1097" status="PASS">
          <reporter-output>
          </reporter-output>
        </test-method> <!-- tearDown -->
      </class> <!-- tests.HomePageTest -->
    </test> <!-- GUI Tests -->
  </suite> <!-- GUI Suite -->
</testng-results>
