<?xml version="1.0" encoding="UTF-8"?>
<!-- Generated by org.testng.reporters.JUnitReportReporter -->
<testsuite hostname="DESKTOP-BKRAUOQ" failures="0" tests="12" name="tests.HomePageTest" time="97.084" errors="0" timestamp="2026-06-13T09:15:06 IST" skipped="0">
  <testcase classname="tests.HomePageTest" name="TC01_GUIElementsTest" time="21.155"/>
  <testcase classname="tests.HomePageTest" name="TC02_DatePickerTest" time="7.982"/>
  <testcase classname="tests.HomePageTest" name="TC03_FileUploadTest" time="5.606"/>
  <testcase classname="tests.HomePageTest" name="TC04_PaginationTable" time="5.125"/>
  <testcase classname="tests.HomePageTest" name="TC05_WikipediaSearchTabs" time="10.431"/>
  <testcase classname="tests.HomePageTest" name="TC06_Alerts" time="6.773"/>
  <testcase classname="tests.HomePageTest" name="TC07_NewTabOpenClose" time="8.450"/>
  <testcase classname="tests.HomePageTest" name="TC08_PopUpWindows" time="3.344"/>
  <testcase classname="tests.HomePageTest" name="TC09_MouseHover" time="2.403"/>
  <testcase classname="tests.HomePageTest" name="TC10_DoubleClick" time="2.721"/>
  <testcase classname="tests.HomePageTest" name="TC11_DragAndDrop" time="2.347"/>
  <testcase classname="tests.HomePageTest" name="TC12_SliderDropdownAndLinks" time="20.747"/>
</testsuite> <!-- tests.HomePageTest -->
