<?xml version="1.0" encoding="UTF-8"?>
<!-- Generated by org.testng.reporters.JUnitXMLReporter -->
<testsuite ignored="0" hostname="DESKTOP-BKRAUOQ" failures="0" tests="12" name="GUI Tests" time="124.437" errors="0" timestamp="2026-06-12T11:43:47 IST">
  <testcase classname="tests.HomePageTestCases" name="TC01_GUIElementsTest" time="24.781"/>
  <testcase classname="tests.HomePageTestCases" name="TC02_DatePickerTest" time="7.959"/>
  <testcase classname="tests.HomePageTestCases" name="TC03_FileUploadTest" time="4.775"/>
  <testcase classname="tests.HomePageTestCases" name="TC04_PaginationTable" time="5.157"/>
  <testcase classname="tests.HomePageTestCases" name="TC05_WikipediaSearchTabs" time="7.173"/>
  <testcase classname="tests.HomePageTestCases" name="TC06_Alerts" time="7.223"/>
  <testcase classname="tests.HomePageTestCases" name="TC07_NewTabOpenClose" time="8.48"/>
  <testcase classname="tests.HomePageTestCases" name="TC08_PopUpWindows" time="4.197"/>
  <testcase classname="tests.HomePageTestCases" name="TC09_MouseHover" time="2.479"/>
  <testcase classname="tests.HomePageTestCases" name="TC10_DoubleClick" time="2.326"/>
  <testcase classname="tests.HomePageTestCases" name="TC11_DragAndDrop" time="2.429"/>
  <testcase classname="tests.HomePageTestCases" name="TC12_SliderDropdownAndLinks" time="23.25"/>
</testsuite> <!-- GUI Tests -->
